[2026-03-31 00:27:04] [INFO] System initialized
{
    "version": "1.0.0"
}
--------------------------------------------------------------------------------
[2026-03-31 00:27:09] [INFO] System initialized
{
    "version": "1.0.0"
}
--------------------------------------------------------------------------------
[2026-03-31 00:27:31] [INFO] System initialized
{
    "version": "1.0.0"
}
--------------------------------------------------------------------------------
[2026-03-31 00:27:33] [INFO] System initialized
{
    "version": "1.0.0"
}
--------------------------------------------------------------------------------
[2026-03-31 00:27:53] [INFO] System initialized
{
    "version": "1.0.0"
}
--------------------------------------------------------------------------------
[2026-03-31 00:27:53] [INFO] System initialized
--------------------------------------------------------------------------------
[2026-03-31 00:28:06] [INFO] System initialized
{
    "version": "1.0.0"
}
--------------------------------------------------------------------------------
[2026-03-31 00:28:06] [INFO] System initialized
--------------------------------------------------------------------------------
[2026-03-31 00:28:24] [INFO] System initialized
{
    "version": "1.0.0"
}
--------------------------------------------------------------------------------
[2026-03-31 00:28:24] [INFO] Sample candidates added
{
    "count": 11
}
--------------------------------------------------------------------------------
[2026-03-31 00:28:54] [INFO] System initialized
{
    "version": "1.0.0"
}
--------------------------------------------------------------------------------
[2026-03-31 00:28:54] [INFO] Sample voters added
{
    "count": 7
}
--------------------------------------------------------------------------------
[2026-03-31 00:29:05] [INFO] System initialized
{
    "version": "1.0.0"
}
--------------------------------------------------------------------------------
[2026-03-31 00:29:05] [INFO] Admin user created
--------------------------------------------------------------------------------
[2026-03-31 00:29:13] [INFO] System initialized
{
    "version": "1.0.0"
}
--------------------------------------------------------------------------------
